ISim log file
Running: C:\Users\eslen\OneDrive\Escritorio\6to Semestre\DLP\PmodACL_Demo\TOP_isim_beh.exe -intstyle ise -gui -tclbatch isim.cmd -wdb C:/Users/eslen/OneDrive/Escritorio/6to Semestre/DLP/PmodACL_Demo/TOP_isim_beh.wdb 
ISim P.20131013 (signature 0x7708f090)
WARNING: A WEBPACK license was found.
WARNING: Please use Xilinx License Configuration Manager to check out a full ISim license.
WARNING: ISim will run in Lite mode. Please refer to the ISim documentation for more information on the differences between the Lite and the Full version.
This is a Lite version of ISim.
Time resolution is 1 ps
# onerror resume
# wave add /
# run 1000 ns
Simulator is doing circuit initialization process.
at 0 ps, Instance /top/controlACL/Dispx/FDATAx/ : Warning: There is an 'U'|'X'|'W'|'Z'|'-' in an arithmetic operand, the result will be 'X'(es).
Finished circuit initialization process.
# isim force add /top/clk 0 -radix bin -value 1 -radix bin -time 10 ns -repeat 20 ns
# isim force add /top/rst 0 -radix bin
# isim force add /top/sw 00 -radix bin
# run 1us
# run 10us
# run 10us
# isim force add /top/sdi 0 -radix bin -value 1 -radix bin -time 5102 ns -repeat 10204 ns
# run 10us
# run 1ms
# isim force add /top/sdo 0 -radix bin -value 1 -radix bin -time 5102 ns -repeat 10204 ns
# run 1ms
# run 1ms
# run 1ms
# run 1s
Stopped at time : 17019180 ns : File "C:/Users/eslen/OneDrive/Escritorio/6to Semestre/DLP/PmodACL_Demo/selData.vhd" Line 42
# isim force add /top/ss 0 -radix bin -value 1 -radix bin -time 15 ns -repeat 30 ns
# run 1s
Stopped at time : 23073750 ns : File "C:/Users/eslen/OneDrive/Escritorio/6to Semestre/DLP/PmodACL_Demo/Binary_To_BCD.vhd" Line 68
# isim force add /top/x 1111010110010110 -radix bin
# isim force add /top/y 0110011001100110 -radix bin
# run 1s
Stopped at time : 77115770 ns : File "C:/Users/eslen/OneDrive/Escritorio/6to Semestre/DLP/PmodACL_Demo/Binary_To_BCD.vhd" Line 68
# isim force add /top/x 1010000001110101 -radix bin
# isim force add /top/y 1010000001110101 -radix bin
# run 10us
# run 10us
# run 10us
# run 10us
# run 10us
# run 10us
# run 10us
# run 10us
# run 10us
# run 10us
# run 10us
# run 10us
# run 10us
# run 10us
# run 10us
# run 10us
# run 10us
# isim force add /top/servo1 0 -radix bin -value 1 -radix bin -time 550 us -repeat 1100 us
# isim force add /top/servo2 0 -radix bin -value 1 -radix bin -time 0 fs -repeat 1 fs
# isim force add /top/servo3 1 -radix bin -value 0 -radix bin -time 0 fs -repeat 1 fs
# isim force add /top/servo4 1 -radix bin -value 0 -radix bin -time 0 fs -repeat 1 fs
# run 10us
# run 10us
# run 10us
# run 10us
# run 10us
# run 10us
# run 10us
# run 10us
# run 10us
# run 10us
# run 10us
# run 10us
# run 10us
# run 10us
# run 10us
# run 10us
# run 10us
# run 1ms
# isim force add /top/servo2 0 -radix bin -value 1 -radix bin -time 550 us -repeat 1100 us
# isim force add /top/servo3 1 -radix bin -value 0 -radix bin -time 550 us -repeat 1100 us
# isim force add /top/servo4 1 -radix bin -value 0 -radix bin -time 550 us -repeat 1100 us
# run 1ms
# run 10ms
Stopped at time : 87220110 ns : File "C:/Users/eslen/OneDrive/Escritorio/6to Semestre/DLP/PmodACL_Demo/Binary_To_BCD.vhd" Line 68
# isim force add /top/servo3 1 -radix bin -value 0 -radix bin -time 816680 ns -repeat 1633360 ns
# isim force add /top/servo4 1 -radix bin -value 0 -radix bin -time 816680 ns -repeat 1633360 ns
# run 10ms
