Release 14.7 - xst P.20131013 (nt64)
Copyright (c) 1995-2013 Xilinx, Inc.  All rights reserved.
--> Parameter TMPDIR set to xst/projnav.tmp


Total REAL time to Xst completion: 0.00 secs
Total CPU time to Xst completion: 0.08 secs
 
--> Parameter xsthdpdir set to xst


Total REAL time to Xst completion: 0.00 secs
Total CPU time to Xst completion: 0.08 secs
 
--> Reading design: PmodACL_Demo.prj

TABLE OF CONTENTS
  1) Synthesis Options Summary
  2) HDL Parsing
  3) HDL Elaboration
  4) HDL Synthesis
       4.1) HDL Synthesis Report
  5) Advanced HDL Synthesis
       5.1) Advanced HDL Synthesis Report
  6) Low Level Synthesis
  7) Partition Report
  8) Design Summary
       8.1) Primitive and Black Box Usage
       8.2) Device utilization summary
       8.3) Partition Resource Summary
       8.4) Timing Report
            8.4.1) Clock Information
            8.4.2) Asynchronous Control Signals Information
            8.4.3) Timing Summary
            8.4.4) Timing Details
            8.4.5) Cross Clock Domains Report


=========================================================================
*                      Synthesis Options Summary                        *
=========================================================================
---- Source Parameters
Input File Name                    : "PmodACL_Demo.prj"
Ignore Synthesis Constraint File   : NO

---- Target Parameters
Output File Name                   : "PmodACL_Demo"
Output Format                      : NGC
Target Device                      : xc6slx9-2-csg225

---- Source Options
Top Module Name                    : PmodACL_Demo
Automatic FSM Extraction           : YES
FSM Encoding Algorithm             : Auto
Safe Implementation                : No
FSM Style                          : LUT
RAM Extraction                     : Yes
RAM Style                          : Auto
ROM Extraction                     : Yes
Shift Register Extraction          : YES
ROM Style                          : Auto
Resource Sharing                   : YES
Asynchronous To Synchronous        : NO
Shift Register Minimum Size        : 2
Use DSP Block                      : Auto
Automatic Register Balancing       : No

---- Target Options
LUT Combining                      : Auto
Reduce Control Sets                : Auto
Add IO Buffers                     : YES
Global Maximum Fanout              : 100000
Add Generic Clock Buffer(BUFG)     : 16
Register Duplication               : YES
Optimize Instantiated Primitives   : NO
Use Clock Enable                   : Auto
Use Synchronous Set                : Auto
Use Synchronous Reset              : Auto
Pack IO Registers into IOBs        : Auto
Equivalent register Removal        : YES

---- General Options
Optimization Goal                  : Speed
Optimization Effort                : 1
Power Reduction                    : NO
Keep Hierarchy                     : No
Netlist Hierarchy                  : As_Optimized
RTL Output                         : Yes
Global Optimization                : AllClockNets
Read Cores                         : YES
Write Timing Constraints           : NO
Cross Clock Analysis               : NO
Hierarchy Separator                : /
Bus Delimiter                      : <>
Case Specifier                     : Maintain
Slice Utilization Ratio            : 100
BRAM Utilization Ratio             : 100
DSP48 Utilization Ratio            : 100
Auto BRAM Packing                  : NO
Slice Utilization Ratio Delta      : 5

---- Other Options
Cores Search Directories           : {"ipcore_dir"  }

=========================================================================


=========================================================================
*                          HDL Parsing                                  *
=========================================================================
Parsing VHDL file "C:\Users\eslen\OneDrive\Escritorio\6to Semestre\DLP\PmodACL_Demo\ipcore_dir\Div.vhd" into library work
Parsing VHDL file "C:\Users\eslen\OneDrive\Escritorio\6to Semestre\DLP\PmodACL_Demo\Binary_To_BCD.vhd" into library work
Parsing entity <Binary_To_BCD>.
Parsing architecture <Behavioral> of entity <binary_to_bcd>.
Parsing VHDL file "C:\Users\eslen\OneDrive\Escritorio\6to Semestre\DLP\PmodACL_Demo\SPImaster.vhd" into library work
Parsing entity <SPImaster>.
Parsing architecture <Behavioral> of entity <spimaster>.
Parsing VHDL file "C:\Users\eslen\OneDrive\Escritorio\6to Semestre\DLP\PmodACL_Demo\SPIinterface.vhd" into library work
Parsing entity <SPIinterface>.
Parsing architecture <Behavioral> of entity <spiinterface>.
Parsing VHDL file "C:\Users\eslen\OneDrive\Escritorio\6to Semestre\DLP\PmodACL_Demo\slaveSelect.vhd" into library work
Parsing entity <slaveSelect>.
Parsing architecture <Behavioral> of entity <slaveselect>.
Parsing VHDL file "C:\Users\eslen\OneDrive\Escritorio\6to Semestre\DLP\PmodACL_Demo\Format_Data.vhd" into library work
Parsing entity <Format_Data>.
Parsing architecture <Behavioral> of entity <format_data>.
Parsing VHDL file "C:\Users\eslen\OneDrive\Escritorio\6to Semestre\DLP\PmodACL_Demo\ssdCtrl.vhd" into library work
Parsing entity <ssdCtrl>.
Parsing architecture <Behavioral> of entity <ssdctrl>.
Parsing VHDL file "C:\Users\eslen\OneDrive\Escritorio\6to Semestre\DLP\PmodACL_Demo\SPIcomponents.vhd" into library work
Parsing entity <SPIcomponent>.
Parsing architecture <Behavioral> of entity <spicomponent>.
Parsing VHDL file "C:\Users\eslen\OneDrive\Escritorio\6to Semestre\DLP\PmodACL_Demo\selData.vhd" into library work
Parsing entity <sel_Data>.
Parsing architecture <Behavioral> of entity <sel_data>.
Parsing VHDL file "C:\Users\eslen\OneDrive\Escritorio\6to Semestre\DLP\PmodACL_Demo\ClkDiv_5Hz.vhd" into library work
Parsing entity <ClkDiv_5Hz>.
Parsing architecture <Behavioral> of entity <clkdiv_5hz>.
Parsing VHDL file "C:\Users\eslen\OneDrive\Escritorio\6to Semestre\DLP\PmodACL_Demo\PmodACL_Demo.vhd" into library work
Parsing entity <PmodACL_Demo>.
Parsing architecture <Behavioral> of entity <pmodacl_demo>.

=========================================================================
*                            HDL Elaboration                            *
=========================================================================

Elaborating entity <PmodACL_Demo> (architecture <Behavioral>) from library <work>.

Elaborating entity <sel_Data> (architecture <Behavioral>) from library <work>.

Elaborating entity <SPIcomponent> (architecture <Behavioral>) from library <work>.

Elaborating entity <SPImaster> (architecture <Behavioral>) from library <work>.
INFO:HDLCompiler:679 - "C:\Users\eslen\OneDrive\Escritorio\6to Semestre\DLP\PmodACL_Demo\SPImaster.vhd" Line 165. Case statement is complete. others clause is never selected
INFO:HDLCompiler:679 - "C:\Users\eslen\OneDrive\Escritorio\6to Semestre\DLP\PmodACL_Demo\SPImaster.vhd" Line 206. Case statement is complete. others clause is never selected
INFO:HDLCompiler:679 - "C:\Users\eslen\OneDrive\Escritorio\6to Semestre\DLP\PmodACL_Demo\SPImaster.vhd" Line 289. Case statement is complete. others clause is never selected
INFO:HDLCompiler:679 - "C:\Users\eslen\OneDrive\Escritorio\6to Semestre\DLP\PmodACL_Demo\SPImaster.vhd" Line 341. Case statement is complete. others clause is never selected

Elaborating entity <SPIinterface> (architecture <Behavioral>) from library <work>.
INFO:HDLCompiler:679 - "C:\Users\eslen\OneDrive\Escritorio\6to Semestre\DLP\PmodACL_Demo\SPIinterface.vhd" Line 126. Case statement is complete. others clause is never selected
INFO:HDLCompiler:679 - "C:\Users\eslen\OneDrive\Escritorio\6to Semestre\DLP\PmodACL_Demo\SPIinterface.vhd" Line 166. Case statement is complete. others clause is never selected
INFO:HDLCompiler:679 - "C:\Users\eslen\OneDrive\Escritorio\6to Semestre\DLP\PmodACL_Demo\SPIinterface.vhd" Line 216. Case statement is complete. others clause is never selected

Elaborating entity <slaveSelect> (architecture <Behavioral>) from library <work>.

Elaborating entity <ssdCtrl> (architecture <Behavioral>) from library <work>.

Elaborating entity <Format_Data> (architecture <Behavioral>) from library <work>.
WARNING:HDLCompiler:89 - "C:\Users\eslen\OneDrive\Escritorio\6to Semestre\DLP\PmodACL_Demo\Format_Data.vhd" Line 47: <div> remains a black-box since it has no binding entity.

Elaborating entity <Binary_To_BCD> (architecture <Behavioral>) from library <work>.
INFO:HDLCompiler:679 - "C:\Users\eslen\OneDrive\Escritorio\6to Semestre\DLP\PmodACL_Demo\Binary_To_BCD.vhd" Line 164. Case statement is complete. others clause is never selected
INFO:HDLCompiler:679 - "C:\Users\eslen\OneDrive\Escritorio\6to Semestre\DLP\PmodACL_Demo\ssdCtrl.vhd" Line 131. Case statement is complete. others clause is never selected
INFO:HDLCompiler:679 - "C:\Users\eslen\OneDrive\Escritorio\6to Semestre\DLP\PmodACL_Demo\ssdCtrl.vhd" Line 188. Case statement is complete. others clause is never selected

Elaborating entity <ClkDiv_5Hz> (architecture <Behavioral>) from library <work>.

=========================================================================
*                           HDL Synthesis                               *
=========================================================================

Synthesizing Unit <PmodACL_Demo>.
    Related source file is "C:\Users\eslen\OneDrive\Escritorio\6to Semestre\DLP\PmodACL_Demo\PmodACL_Demo.vhd".
    Summary:
	no macro.
Unit <PmodACL_Demo> synthesized.

Synthesizing Unit <sel_Data>.
    Related source file is "C:\Users\eslen\OneDrive\Escritorio\6to Semestre\DLP\PmodACL_Demo\selData.vhd".
WARNING:Xst:647 - Input <zAxis> is never used. This port will be preserved and left unconnected if it belongs to a top-level block or it belongs to a sub-block and the hierarchy of this sub-block is preserved.
    Found 10-bit register for signal <DOUTx>.
    Found 10-bit register for signal <DOUTy>.
    Found 3-bit register for signal <LED>.
    Found 9-bit subtractor for signal <GND_7_o_GND_7_o_sub_4_OUT<8:0>> created at line 72.
    Found 9-bit subtractor for signal <GND_7_o_GND_7_o_sub_3_OUT<8:0>> created at line 58.
    Summary:
	inferred   2 Adder/Subtractor(s).
	inferred  23 D-type flip-flop(s).
	inferred  18 Multiplexer(s).
Unit <sel_Data> synthesized.

Synthesizing Unit <SPIcomponent>.
    Related source file is "C:\Users\eslen\OneDrive\Escritorio\6to Semestre\DLP\PmodACL_Demo\SPIcomponents.vhd".
    Summary:
	no macro.
Unit <SPIcomponent> synthesized.

Synthesizing Unit <SPImaster>.
    Related source file is "C:\Users\eslen\OneDrive\Escritorio\6to Semestre\DLP\PmodACL_Demo\SPImaster.vhd".
    Found 1-bit register for signal <transmit>.
    Found 3-bit register for signal <STATE>.
    Found 2-bit register for signal <DATA>.
    Found 12-bit register for signal <break_count>.
    Found 21-bit register for signal <hold_count>.
    Found 1-bit register for signal <done_configure>.
    Found 2-bit register for signal <CONFIGUREsel>.
    Found 16-bit register for signal <txdata>.
    Found 1-bit register for signal <register_select>.
    Found 1-bit register for signal <sample_done>.
    Found 1-bit register for signal <finish>.
    Found 10-bit register for signal <x_axis_data>.
    Found 10-bit register for signal <y_axis_data>.
    Found 10-bit register for signal <z_axis_data>.
    Found 1-bit register for signal <end_configure>.
    Found 4-bit register for signal <prevstart>.
    Found finite state machine <FSM_0> for signal <STATE>.
    -----------------------------------------------------------------------
    | States             | 7                                              |
    | Transitions        | 21                                             |
    | Inputs             | 8                                              |
    | Outputs            | 6                                              |
    | Clock              | clk (rising_edge)                              |
    | Reset              | rst (positive)                                 |
    | Reset type         | synchronous                                    |
    | Reset State        | idle                                           |
    | Power Up State     | idle                                           |
    | Encoding           | auto                                           |
    | Implementation     | LUT                                            |
    -----------------------------------------------------------------------
    Found finite state machine <FSM_1> for signal <DATA>.
    -----------------------------------------------------------------------
    | States             | 3                                              |
    | Transitions        | 15                                             |
    | Inputs             | 5                                              |
    | Outputs            | 2                                              |
    | Clock              | clk (rising_edge)                              |
    | Reset              | rst (positive)                                 |
    | Reset type         | synchronous                                    |
    | Reset State        | x_axis                                         |
    | Power Up State     | x_axis                                         |
    | Encoding           | auto                                           |
    | Implementation     | LUT                                            |
    -----------------------------------------------------------------------
    Found finite state machine <FSM_2> for signal <CONFIGUREsel>.
    -----------------------------------------------------------------------
    | States             | 3                                              |
    | Transitions        | 11                                             |
    | Inputs             | 3                                              |
    | Outputs            | 8                                              |
    | Clock              | clk (rising_edge)                              |
    | Reset              | rst (positive)                                 |
    | Reset type         | synchronous                                    |
    | Reset State        | powerctl                                       |
    | Power Up State     | powerctl                                       |
    | Encoding           | auto                                           |
    | Implementation     | LUT                                            |
    -----------------------------------------------------------------------
    Found 12-bit adder for signal <break_count[11]_GND_9_o_add_54_OUT> created at line 328.
    Found 21-bit adder for signal <hold_count[20]_GND_9_o_add_59_OUT> created at line 339.
    Found 16-bit 3-to-1 multiplexer for signal <DATA[1]_X_9_o_wide_mux_40_OUT> created at line 213.
    Summary:
	inferred   2 Adder/Subtractor(s).
	inferred  89 D-type flip-flop(s).
	inferred  43 Multiplexer(s).
	inferred   3 Finite State Machine(s).
Unit <SPImaster> synthesized.

Synthesizing Unit <SPIinterface>.
    Related source file is "C:\Users\eslen\OneDrive\Escritorio\6to Semestre\DLP\PmodACL_Demo\SPIinterface.vhd".
    Found 4-bit register for signal <tx_count>.
    Found 1-bit register for signal <sdo>.
    Found 1-bit register for signal <TxSTATE>.
    Found 8-bit register for signal <rx_shift_register>.
    Found 4-bit register for signal <rx_count>.
    Found 1-bit register for signal <done>.
    Found 1-bit register for signal <RxSTATE>.
    Found 8-bit register for signal <clk_count>.
    Found 1-bit register for signal <SCLKSTATE>.
    Found 1-bit register for signal <sck_previous>.
    Found 1-bit register for signal <sck_buffer>.
    Found 1-bit register for signal <clk_edge_buffer>.
    Found 16-bit register for signal <tx_shift_register>.
    Found 4-bit adder for signal <tx_count[3]_GND_10_o_add_1_OUT> created at line 121.
    Found 4-bit adder for signal <rx_count[3]_GND_10_o_add_16_OUT> created at line 162.
    Found 8-bit adder for signal <clk_count[7]_GND_10_o_add_32_OUT> created at line 214.
    Summary:
	inferred   3 Adder/Subtractor(s).
	inferred  48 D-type flip-flop(s).
	inferred  11 Multiplexer(s).
Unit <SPIinterface> synthesized.

Synthesizing Unit <slaveSelect>.
    Related source file is "C:\Users\eslen\OneDrive\Escritorio\6to Semestre\DLP\PmodACL_Demo\slaveSelect.vhd".
    Found 1-bit register for signal <ss>.
    Summary:
	inferred   1 D-type flip-flop(s).
Unit <slaveSelect> synthesized.

Synthesizing Unit <ssdCtrl>.
    Related source file is "C:\Users\eslen\OneDrive\Escritorio\6to Semestre\DLP\PmodACL_Demo\ssdCtrl.vhd".
    Found 8-bit register for signal <AN>.
    Found 7-bit register for signal <SEG>.
    Found 3-bit register for signal <CNT>.
    Found 1-bit register for signal <DCLK>.
    Found 16-bit register for signal <clkCount>.
    Found 3-bit adder for signal <CNT[2]_GND_12_o_add_8_OUT> created at line 204.
    Found 16-bit adder for signal <clkCount[15]_GND_12_o_add_11_OUT> created at line 222.
    Found 16x7-bit Read Only RAM for signal <muxData[3]_PWR_13_o_wide_mux_4_OUT>
    Found 8x8-bit Read Only RAM for signal <CNT[2]_GND_12_o_wide_mux_6_OUT>
    Found 1-bit 8-to-1 multiplexer for signal <CNT[2]_bcdDatay[3]_wide_mux_2_OUT[3]> created at line 118.
    Found 1-bit 8-to-1 multiplexer for signal <CNT[2]_bcdDatay[3]_wide_mux_2_OUT[2]> created at line 118.
    Found 1-bit 8-to-1 multiplexer for signal <CNT[2]_bcdDatay[3]_wide_mux_2_OUT[1]> created at line 118.
    Found 1-bit 8-to-1 multiplexer for signal <CNT[2]_bcdDatay[3]_wide_mux_2_OUT[0]> created at line 118.
    Summary:
	inferred   2 RAM(s).
	inferred   2 Adder/Subtractor(s).
	inferred  35 D-type flip-flop(s).
	inferred   8 Multiplexer(s).
Unit <ssdCtrl> synthesized.

Synthesizing Unit <Format_Data>.
    Related source file is "C:\Users\eslen\OneDrive\Escritorio\6to Semestre\DLP\PmodACL_Demo\Format_Data.vhd".
INFO:Xst:3210 - "C:\Users\eslen\OneDrive\Escritorio\6to Semestre\DLP\PmodACL_Demo\Format_Data.vhd" line 105: Output port <fractional> of the instance <Division> is unconnected or connected to loadless signal.
INFO:Xst:3210 - "C:\Users\eslen\OneDrive\Escritorio\6to Semestre\DLP\PmodACL_Demo\Format_Data.vhd" line 105: Output port <rfd> of the instance <Division> is unconnected or connected to loadless signal.
    Summary:
	no macro.
Unit <Format_Data> synthesized.

Synthesizing Unit <Binary_To_BCD>.
    Related source file is "C:\Users\eslen\OneDrive\Escritorio\6to Semestre\DLP\PmodACL_Demo\Binary_To_BCD.vhd".
WARNING:Xst:2563 - Inout <BCDOUT<15:12>> is never assigned. Tied to value Z.
    Found 1-bit register for signal <BCDOUT<11>>.
    Found 1-bit register for signal <BCDOUT<10>>.
    Found 1-bit register for signal <BCDOUT<9>>.
    Found 1-bit register for signal <BCDOUT<8>>.
    Found 1-bit register for signal <BCDOUT<7>>.
    Found 1-bit register for signal <BCDOUT<6>>.
    Found 1-bit register for signal <BCDOUT<5>>.
    Found 1-bit register for signal <BCDOUT<4>>.
    Found 1-bit register for signal <BCDOUT<3>>.
    Found 1-bit register for signal <BCDOUT<2>>.
    Found 1-bit register for signal <BCDOUT<1>>.
    Found 1-bit register for signal <BCDOUT<0>>.
    Found 28-bit register for signal <tmpSR>.
    Found 3-bit register for signal <STATE>.
    Found 5-bit register for signal <shiftCount>.
    Found finite state machine <FSM_3> for signal <STATE>.
    -----------------------------------------------------------------------
    | States             | 5                                              |
    | Transitions        | 7                                              |
    | Inputs             | 2                                              |
    | Outputs            | 3                                              |
    | Clock              | CLK (rising_edge)                              |
    | Reset              | RST (positive)                                 |
    | Reset type         | asynchronous                                   |
    | Reset State        | idle                                           |
    | Power Up State     | idle                                           |
    | Encoding           | auto                                           |
    | Implementation     | LUT                                            |
    -----------------------------------------------------------------------
    Found 5-bit adder for signal <shiftCount[4]_GND_18_o_add_1_OUT> created at line 100.
    Found 4-bit adder for signal <tmpSR[27]_GND_18_o_add_4_OUT> created at line 109.
    Found 4-bit adder for signal <tmpSR[23]_GND_18_o_add_6_OUT> created at line 114.
    Found 4-bit adder for signal <tmpSR[19]_GND_18_o_add_8_OUT> created at line 119.
    Found 4-bit adder for signal <tmpSR[15]_GND_18_o_add_10_OUT> created at line 124.
    Found 4-bit tristate buffer for signal <BCDOUT<15:12>> created at line 38
    Found 4-bit comparator lessequal for signal <n0004> created at line 108
    Found 4-bit comparator lessequal for signal <n0011> created at line 113
    Found 4-bit comparator lessequal for signal <n0018> created at line 118
    Found 4-bit comparator lessequal for signal <n0025> created at line 123
    Summary:
	inferred   5 Adder/Subtractor(s).
	inferred  45 D-type flip-flop(s).
	inferred   4 Comparator(s).
	inferred  37 Multiplexer(s).
	inferred   1 Tristate(s).
	inferred   1 Finite State Machine(s).
Unit <Binary_To_BCD> synthesized.

Synthesizing Unit <ClkDiv_5Hz>.
    Related source file is "C:\Users\eslen\OneDrive\Escritorio\6to Semestre\DLP\PmodACL_Demo\ClkDiv_5Hz.vhd".
    Found 1-bit register for signal <CLKOUT>.
    Found 24-bit register for signal <clkCount>.
    Found 24-bit adder for signal <clkCount[23]_GND_20_o_add_1_OUT> created at line 60.
    Summary:
	inferred   1 Adder/Subtractor(s).
	inferred  25 D-type flip-flop(s).
	inferred   1 Multiplexer(s).
Unit <ClkDiv_5Hz> synthesized.

=========================================================================
HDL Synthesis Report

Macro Statistics
# RAMs                                                 : 2
 16x7-bit single-port Read Only RAM                    : 1
 8x8-bit single-port Read Only RAM                     : 1
# Adders/Subtractors                                   : 20
 12-bit adder                                          : 1
 16-bit adder                                          : 1
 21-bit adder                                          : 1
 24-bit adder                                          : 1
 3-bit adder                                           : 1
 4-bit adder                                           : 10
 5-bit adder                                           : 2
 8-bit adder                                           : 1
 9-bit subtractor                                      : 2
# Registers                                            : 65
 1-bit register                                        : 41
 10-bit register                                       : 5
 12-bit register                                       : 1
 16-bit register                                       : 3
 21-bit register                                       : 1
 24-bit register                                       : 1
 28-bit register                                       : 2
 3-bit register                                        : 2
 4-bit register                                        : 3
 5-bit register                                        : 2
 7-bit register                                        : 1
 8-bit register                                        : 3
# Comparators                                          : 8
 4-bit comparator lessequal                            : 8
# Multiplexers                                         : 155
 1-bit 2-to-1 multiplexer                              : 121
 1-bit 8-to-1 multiplexer                              : 4
 10-bit 2-to-1 multiplexer                             : 3
 12-bit 2-to-1 multiplexer                             : 1
 16-bit 2-to-1 multiplexer                             : 7
 16-bit 3-to-1 multiplexer                             : 1
 21-bit 2-to-1 multiplexer                             : 2
 24-bit 2-to-1 multiplexer                             : 1
 28-bit 2-to-1 multiplexer                             : 8
 4-bit 2-to-1 multiplexer                              : 2
 5-bit 2-to-1 multiplexer                              : 2
 8-bit 2-to-1 multiplexer                              : 3
# Tristates                                            : 2
 4-bit tristate buffer                                 : 2
# FSMs                                                 : 5

=========================================================================

=========================================================================
*                       Advanced HDL Synthesis                          *
=========================================================================

Reading core <ipcore_dir/Div.ngc>.
Loading core <Div> for timing and area information for instance <Division>.
WARNING:Xst:1710 - FF/Latch <LED_2> (without init value) has a constant value of 0 in block <SDATA>. This FF/Latch will be trimmed during the optimization process.
WARNING:Xst:2404 -  FFs/Latches <LED<2:2>> (without init value) have a constant value of 0 in block <sel_Data>.

Synthesizing (advanced) Unit <Binary_To_BCD>.
The following registers are absorbed into counter <shiftCount>: 1 register on signal <shiftCount>.
Unit <Binary_To_BCD> synthesized (advanced).

Synthesizing (advanced) Unit <ClkDiv_5Hz>.
The following registers are absorbed into counter <clkCount>: 1 register on signal <clkCount>.
Unit <ClkDiv_5Hz> synthesized (advanced).

Synthesizing (advanced) Unit <SPIinterface>.
The following registers are absorbed into counter <tx_count>: 1 register on signal <tx_count>.
The following registers are absorbed into counter <rx_count>: 1 register on signal <rx_count>.
Unit <SPIinterface> synthesized (advanced).

Synthesizing (advanced) Unit <SPImaster>.
The following registers are absorbed into counter <break_count>: 1 register on signal <break_count>.
Unit <SPImaster> synthesized (advanced).

Synthesizing (advanced) Unit <ssdCtrl>.
The following registers are absorbed into counter <clkCount>: 1 register on signal <clkCount>.
The following registers are absorbed into counter <CNT>: 1 register on signal <CNT>.
INFO:Xst:3217 - HDL ADVISOR - Register <SEG> currently described with an asynchronous reset, could be combined with distributed RAM <Mram_muxData[3]_PWR_13_o_wide_mux_4_OUT> for implementation on block RAM resources if you made this reset synchronous instead.
    -----------------------------------------------------------------------
    | ram_type           | Distributed                         |          |
    -----------------------------------------------------------------------
    | Port A                                                              |
    |     aspect ratio   | 16-word x 7-bit                     |          |
    |     weA            | connected to signal <GND>           | high     |
    |     addrA          | connected to signal <muxData>       |          |
    |     diA            | connected to signal <GND>           |          |
    |     doA            | connected to internal node          |          |
    -----------------------------------------------------------------------
INFO:Xst:3217 - HDL ADVISOR - Register <AN> currently described with an asynchronous reset, could be combined with distributed RAM <Mram_CNT[2]_GND_12_o_wide_mux_6_OUT> for implementation on block RAM resources if you made this reset synchronous instead.
    -----------------------------------------------------------------------
    | ram_type           | Distributed                         |          |
    -----------------------------------------------------------------------
    | Port A                                                              |
    |     aspect ratio   | 8-word x 8-bit                      |          |
    |     weA            | connected to signal <GND>           | high     |
    |     addrA          | connected to signal <CNT>           |          |
    |     diA            | connected to signal <GND>           |          |
    |     doA            | connected to internal node          |          |
    -----------------------------------------------------------------------
Unit <ssdCtrl> synthesized (advanced).

=========================================================================
Advanced HDL Synthesis Report

Macro Statistics
# RAMs                                                 : 2
 16x7-bit single-port distributed Read Only RAM        : 1
 8x8-bit single-port distributed Read Only RAM         : 1
# Adders/Subtractors                                   : 12
 21-bit adder                                          : 1
 4-bit adder                                           : 8
 8-bit adder                                           : 1
 9-bit subtractor                                      : 2
# Counters                                             : 8
 12-bit up counter                                     : 1
 16-bit up counter                                     : 1
 24-bit up counter                                     : 1
 3-bit up counter                                      : 1
 4-bit up counter                                      : 2
 5-bit up counter                                      : 2
# Registers                                            : 237
 Flip-Flops                                            : 237
# Comparators                                          : 8
 4-bit comparator lessequal                            : 8
# Multiplexers                                         : 149
 1-bit 2-to-1 multiplexer                              : 121
 1-bit 8-to-1 multiplexer                              : 4
 10-bit 2-to-1 multiplexer                             : 3
 16-bit 2-to-1 multiplexer                             : 7
 16-bit 3-to-1 multiplexer                             : 1
 21-bit 2-to-1 multiplexer                             : 2
 28-bit 2-to-1 multiplexer                             : 8
 8-bit 2-to-1 multiplexer                              : 3
# FSMs                                                 : 5

=========================================================================

=========================================================================
*                         Low Level Synthesis                           *
=========================================================================
Analyzing FSM <MFsm> for best encoding.
Optimizing FSM <SPI/C0/FSM_0> on signal <STATE[1:3]> with user encoding.
--------------------------
 State        | Encoding
--------------------------
 idle         | 000
 configure    | 001
 transmitting | 010
 recieving    | 011
 finished     | 100
 break        | 101
 holding      | 110
--------------------------
Analyzing FSM <MFsm> for best encoding.
Optimizing FSM <SPI/C0/FSM_2> on signal <CONFIGUREsel[1:2]> with user encoding.
------------------------
 State      | Encoding
------------------------
 powerctl   | 00
 bwrate     | 01
 dataformat | 10
------------------------
Analyzing FSM <MFsm> for best encoding.
Optimizing FSM <SPI/C0/FSM_1> on signal <DATA[1:2]> with user encoding.
--------------------
 State  | Encoding
--------------------
 x_axis | 00
 y_axis | 01
 z_axis | 10
--------------------
Analyzing FSM <MFsm> for best encoding.
Optimizing FSM <Dispx/FDATAy/BtoBCD/FSM_3> on signal <STATE[1:3]> with user encoding.
Optimizing FSM <Dispx/FDATAx/BtoBCD/FSM_3> on signal <STATE[1:3]> with user encoding.
-------------------
 State | Encoding
-------------------
 idle  | 000
 init  | 001
 shift | 010
 check | 011
 done  | 100
-------------------
WARNING:Xst:1710 - FF/Latch <txdata_0> (without init value) has a constant value of 0 in block <SPImaster>. This FF/Latch will be trimmed during the optimization process.
WARNING:Xst:1895 - Due to other FF/Latch trimming, FF/Latch <txdata_1> (without init value) has a constant value of 0 in block <SPImaster>. This FF/Latch will be trimmed during the optimization process.
WARNING:Xst:1895 - Due to other FF/Latch trimming, FF/Latch <txdata_2> (without init value) has a constant value of 0 in block <SPImaster>. This FF/Latch will be trimmed during the optimization process.
WARNING:Xst:1895 - Due to other FF/Latch trimming, FF/Latch <txdata_4> (without init value) has a constant value of 0 in block <SPImaster>. This FF/Latch will be trimmed during the optimization process.
WARNING:Xst:1895 - Due to other FF/Latch trimming, FF/Latch <txdata_5> (without init value) has a constant value of 0 in block <SPImaster>. This FF/Latch will be trimmed during the optimization process.
WARNING:Xst:1895 - Due to other FF/Latch trimming, FF/Latch <txdata_6> (without init value) has a constant value of 0 in block <SPImaster>. This FF/Latch will be trimmed during the optimization process.
WARNING:Xst:1895 - Due to other FF/Latch trimming, FF/Latch <txdata_7> (without init value) has a constant value of 0 in block <SPImaster>. This FF/Latch will be trimmed during the optimization process.
WARNING:Xst:1895 - Due to other FF/Latch trimming, FF/Latch <txdata_14> (without init value) has a constant value of 0 in block <SPImaster>. This FF/Latch will be trimmed during the optimization process.
WARNING:Xst:2677 - Node <tmpSR_24> of sequential type is unconnected in block <Binary_To_BCD>.
WARNING:Xst:2677 - Node <tmpSR_25> of sequential type is unconnected in block <Binary_To_BCD>.
WARNING:Xst:2677 - Node <tmpSR_26> of sequential type is unconnected in block <Binary_To_BCD>.
WARNING:Xst:2677 - Node <tmpSR_27> of sequential type is unconnected in block <Binary_To_BCD>.
WARNING:Xst:2042 - Unit Binary_To_BCD: 4 internal tristates are replaced by logic (pull-up yes): BCDOUT<12>, BCDOUT<13>, BCDOUT<14>, BCDOUT<15>.

Optimizing unit <PmodACL_Demo> ...

Optimizing unit <sel_Data> ...

Optimizing unit <SPImaster> ...

Optimizing unit <SPIinterface> ...

Optimizing unit <ssdCtrl> ...

Optimizing unit <Binary_To_BCD> ...
WARNING:Xst:1710 - FF/Latch <SPI/C1/tx_shift_register_2> (without init value) has a constant value of 0 in block <PmodACL_Demo>. This FF/Latch will be trimmed during the optimization process.
WARNING:Xst:1895 - Due to other FF/Latch trimming, FF/Latch <SPI/C1/tx_shift_register_1> (without init value) has a constant value of 0 in block <PmodACL_Demo>. This FF/Latch will be trimmed during the optimization process.
WARNING:Xst:1895 - Due to other FF/Latch trimming, FF/Latch <SPI/C1/tx_shift_register_0> (without init value) has a constant value of 0 in block <PmodACL_Demo>. This FF/Latch will be trimmed during the optimization process.
WARNING:Xst:2677 - Node <SPI/C0/z_axis_data_9> of sequential type is unconnected in block <PmodACL_Demo>.
WARNING:Xst:2677 - Node <SPI/C0/z_axis_data_8> of sequential type is unconnected in block <PmodACL_Demo>.
WARNING:Xst:2677 - Node <SPI/C0/z_axis_data_7> of sequential type is unconnected in block <PmodACL_Demo>.
WARNING:Xst:2677 - Node <SPI/C0/z_axis_data_6> of sequential type is unconnected in block <PmodACL_Demo>.
WARNING:Xst:2677 - Node <SPI/C0/z_axis_data_5> of sequential type is unconnected in block <PmodACL_Demo>.
WARNING:Xst:2677 - Node <SPI/C0/z_axis_data_4> of sequential type is unconnected in block <PmodACL_Demo>.
WARNING:Xst:2677 - Node <SPI/C0/z_axis_data_3> of sequential type is unconnected in block <PmodACL_Demo>.
WARNING:Xst:2677 - Node <SPI/C0/z_axis_data_2> of sequential type is unconnected in block <PmodACL_Demo>.
WARNING:Xst:2677 - Node <SPI/C0/z_axis_data_1> of sequential type is unconnected in block <PmodACL_Demo>.
WARNING:Xst:2677 - Node <SPI/C0/z_axis_data_0> of sequential type is unconnected in block <PmodACL_Demo>.
WARNING:Xst:1293 - FF/Latch <genStart/clkCount_22> has a constant value of 0 in block <PmodACL_Demo>. This FF/Latch will be trimmed during the optimization process.
WARNING:Xst:1896 - Due to other FF/Latch trimming, FF/Latch <genStart/clkCount_23> has a constant value of 0 in block <PmodACL_Demo>. This FF/Latch will be trimmed during the optimization process.
INFO:Xst:2261 - The FF/Latch <Dispx/FDATAx/BtoBCD/STATE_FSM_FFd1> in Unit <PmodACL_Demo> is equivalent to the following FF/Latch, which will be removed : <Dispx/FDATAy/BtoBCD/STATE_FSM_FFd1> 
INFO:Xst:2261 - The FF/Latch <Dispx/FDATAx/BtoBCD/STATE_FSM_FFd2> in Unit <PmodACL_Demo> is equivalent to the following FF/Latch, which will be removed : <Dispx/FDATAy/BtoBCD/STATE_FSM_FFd2> 
INFO:Xst:2261 - The FF/Latch <Dispx/FDATAx/BtoBCD/STATE_FSM_FFd3> in Unit <PmodACL_Demo> is equivalent to the following FF/Latch, which will be removed : <Dispx/FDATAy/BtoBCD/STATE_FSM_FFd3> 
INFO:Xst:2261 - The FF/Latch <Dispx/FDATAx/BtoBCD/shiftCount_0> in Unit <PmodACL_Demo> is equivalent to the following FF/Latch, which will be removed : <Dispx/FDATAy/BtoBCD/shiftCount_0> 
INFO:Xst:2261 - The FF/Latch <Dispx/FDATAx/BtoBCD/shiftCount_1> in Unit <PmodACL_Demo> is equivalent to the following FF/Latch, which will be removed : <Dispx/FDATAy/BtoBCD/shiftCount_1> 
INFO:Xst:2261 - The FF/Latch <Dispx/FDATAx/BtoBCD/shiftCount_2> in Unit <PmodACL_Demo> is equivalent to the following FF/Latch, which will be removed : <Dispx/FDATAy/BtoBCD/shiftCount_2> 
INFO:Xst:2261 - The FF/Latch <Dispx/FDATAx/BtoBCD/shiftCount_3> in Unit <PmodACL_Demo> is equivalent to the following FF/Latch, which will be removed : <Dispx/FDATAy/BtoBCD/shiftCount_3> 
INFO:Xst:2261 - The FF/Latch <Dispx/FDATAx/BtoBCD/shiftCount_4> in Unit <PmodACL_Demo> is equivalent to the following FF/Latch, which will be removed : <Dispx/FDATAy/BtoBCD/shiftCount_4> 
INFO:Xst:2261 - The FF/Latch <SPI/C0/txdata_11> in Unit <PmodACL_Demo> is equivalent to the following FF/Latch, which will be removed : <SPI/C0/txdata_3> 

Mapping all equations...
Building and optimizing final netlist ...
Found area constraint ratio of 100 (+ 5) on block PmodACL_Demo, actual ratio is 15.
FlipFlop SPI/C0/STATE_FSM_FFd1 has been replicated 1 time(s)
FlipFlop SPI/C0/STATE_FSM_FFd2 has been replicated 1 time(s)
FlipFlop SPI/C0/STATE_FSM_FFd3 has been replicated 1 time(s)

Final Macro Processing ...

=========================================================================
Final Register Report

Macro Statistics
# Registers                                            : 286
 Flip-Flops                                            : 286

=========================================================================

=========================================================================
*                           Partition Report                            *
=========================================================================

Partition Implementation Status
-------------------------------

  No Partitions were found in this design.

-------------------------------

=========================================================================
*                            Design Summary                             *
=========================================================================

Top Level Output File Name         : PmodACL_Demo.ngc

Primitive and Black Box Usage:
------------------------------
# BELS                             : 1498
#      GND                         : 3
#      INV                         : 77
#      LUT1                        : 69
#      LUT2                        : 79
#      LUT3                        : 321
#      LUT4                        : 45
#      LUT5                        : 57
#      LUT6                        : 106
#      MULT_AND                    : 18
#      MUXCY                       : 355
#      MUXF7                       : 6
#      VCC                         : 3
#      XORCY                       : 359
# FlipFlops/Latches                : 1342
#      FD                          : 1066
#      FDC                         : 92
#      FDCE                        : 34
#      FDE                         : 5
#      FDP                         : 9
#      FDR                         : 45
#      FDRE                        : 87
#      FDS                         : 4
# Clock Buffers                    : 1
#      BUFGP                       : 1
# IO Buffers                       : 26
#      IBUF                        : 4
#      OBUF                        : 22

Device utilization summary:
---------------------------

Selected Device : 6slx9csg225-2 


Slice Logic Utilization: 
 Number of Slice Registers:            1340  out of  11440    11%  
 Number of Slice LUTs:                  754  out of   5720    13%  
    Number used as Logic:               754  out of   5720    13%  

Slice Logic Distribution: 
 Number of LUT Flip Flop pairs used:   1557
   Number with an unused Flip Flop:     217  out of   1557    13%  
   Number with an unused LUT:           803  out of   1557    51%  
   Number of fully used LUT-FF pairs:   537  out of   1557    34%  
   Number of unique control sets:        20

IO Utilization: 
 Number of IOs:                          27
 Number of bonded IOBs:                  27  out of    160    16%  
    IOB Flip Flops/Latches:               2

Specific Feature Utilization:
 Number of BUFG/BUFGCTRLs:                1  out of     16     6%  

---------------------------
Partition Resource Summary:
---------------------------

  No Partitions were found in this design.

---------------------------


=========================================================================
Timing Report

NOTE: THESE TIMING NUMBERS ARE ONLY A SYNTHESIS ESTIMATE.
      FOR ACCURATE TIMING INFORMATION PLEASE REFER TO THE TRACE REPORT
      GENERATED AFTER PLACE-and-ROUTE.

Clock Information:
------------------
-----------------------------------+------------------------+-------+
Clock Signal                       | Clock buffer(FF name)  | Load  |
-----------------------------------+------------------------+-------+
CLK                                | BUFGP                  | 1324  |
Dispx/DCLK                         | NONE(Dispx/CNT_2)      | 18    |
-----------------------------------+------------------------+-------+
INFO:Xst:2169 - HDL ADVISOR - Some clock signals were not automatically buffered by XST with BUFG/BUFR resources. Please use the buffer_type constraint in order to insert these buffers to the clock signals to help prevent skew problems.

Asynchronous Control Signals Information:
----------------------------------------
No asynchronous control signals found in this design

Timing Summary:
---------------
Speed Grade: -2

   Minimum period: 5.418ns (Maximum Frequency: 184.570MHz)
   Minimum input arrival time before clock: 6.312ns
   Maximum output required time after clock: 4.412ns
   Maximum combinational path delay: No path found

Timing Details:
---------------
All values displayed in nanoseconds (ns)

=========================================================================
Timing constraint: Default period analysis for Clock 'CLK'
  Clock period: 5.418ns (frequency: 184.570MHz)
  Total number of paths / destination ports: 11645 / 1438
-------------------------------------------------------------------------
Delay:               5.418ns (Levels of Logic = 4)
  Source:            SPI/C0/break_count_7 (FF)
  Destination:       SPI/C0/txdata_9 (FF)
  Source Clock:      CLK rising
  Destination Clock: CLK rising

  Data Path: SPI/C0/break_count_7 to SPI/C0/txdata_9
                                Gate     Net
    Cell:in->out      fanout   Delay   Delay  Logical Name (Net Name)
    ----------------------------------------  ------------
     FDRE:C->Q             2   0.525   1.181  SPI/C0/break_count_7 (SPI/C0/break_count_7)
     LUT6:I0->O            7   0.254   1.018  SPI/C0/break_count[11]_PWR_10_o_equal_49_o<11>1 (SPI/C0/break_count[11]_PWR_10_o_equal_49_o<11>)
     LUT2:I0->O            4   0.250   0.804  SPI/C0/break_count[11]_PWR_10_o_equal_49_o<11>3 (SPI/C0/break_count[11]_PWR_10_o_equal_49_o)
     LUT6:I5->O            4   0.254   0.804  SPI/C0/_n0365_inv5 (SPI/C0/_n0365_inv)
     LUT3:I2->O            1   0.254   0.000  SPI/C0/txdata_9_rstpot (SPI/C0/txdata_9_rstpot)
     FDR:D                     0.074          SPI/C0/txdata_9
    ----------------------------------------
    Total                      5.418ns (1.611ns logic, 3.807ns route)
                                       (29.7% logic, 70.3% route)

=========================================================================
Timing constraint: Default period analysis for Clock 'Dispx/DCLK'
  Clock period: 4.275ns (frequency: 233.918MHz)
  Total number of paths / destination ports: 170 / 18
-------------------------------------------------------------------------
Delay:               4.275ns (Levels of Logic = 3)
  Source:            Dispx/CNT_1 (FF)
  Destination:       Dispx/SEG_5 (FF)
  Source Clock:      Dispx/DCLK rising
  Destination Clock: Dispx/DCLK rising

  Data Path: Dispx/CNT_1 to Dispx/SEG_5
                                Gate     Net
    Cell:in->out      fanout   Delay   Delay  Logical Name (Net Name)
    ----------------------------------------  ------------
     FD:C->Q              18   0.525   1.665  Dispx/CNT_1 (Dispx/CNT_1)
     LUT6:I1->O            1   0.254   0.000  Dispx/Mmux_muxData<1>13_F (N123)
     MUXF7:I0->O           7   0.163   1.340  Dispx/Mmux_muxData<1>13 (Dispx/muxData<1>)
     LUT5:I0->O            1   0.254   0.000  Dispx/Mram_muxData[3]_PWR_13_o_wide_mux_4_OUT51 (Dispx/Mram_muxData[3]_PWR_13_o_wide_mux_4_OUT5)
     FDC:D                     0.074          Dispx/SEG_5
    ----------------------------------------
    Total                      4.275ns (1.270ns logic, 3.005ns route)
                                       (29.7% logic, 70.3% route)

=========================================================================
Timing constraint: Default OFFSET IN BEFORE for Clock 'CLK'
  Total number of paths / destination ports: 273 / 261
-------------------------------------------------------------------------
Offset:              5.996ns (Levels of Logic = 2)
  Source:            RST (PAD)
  Destination:       SPI/C0/break_count_11 (FF)
  Destination Clock: CLK rising

  Data Path: RST to SPI/C0/break_count_11
                                Gate     Net
    Cell:in->out      fanout   Delay   Delay  Logical Name (Net Name)
    ----------------------------------------  ------------
     IBUF:I->O           259   1.328   2.887  RST_IBUF (RST_IBUF)
     LUT6:I0->O           12   0.254   1.068  SPI/C0/Reset_OR_DriverANDClockEnable2 (SPI/C0/Reset_OR_DriverANDClockEnable)
     FDRE:R                    0.459          SPI/C0/break_count_0
    ----------------------------------------
    Total                      5.996ns (2.041ns logic, 3.955ns route)
                                       (34.0% logic, 66.0% route)

=========================================================================
Timing constraint: Default OFFSET IN BEFORE for Clock 'Dispx/DCLK'
  Total number of paths / destination ports: 50 / 22
-------------------------------------------------------------------------
Offset:              6.312ns (Levels of Logic = 4)
  Source:            RST (PAD)
  Destination:       Dispx/SEG_5 (FF)
  Destination Clock: Dispx/DCLK rising

  Data Path: RST to Dispx/SEG_5
                                Gate     Net
    Cell:in->out      fanout   Delay   Delay  Logical Name (Net Name)
    ----------------------------------------  ------------
     IBUF:I->O           259   1.328   2.887  RST_IBUF (RST_IBUF)
     LUT6:I0->O            1   0.254   0.000  Dispx/Mmux_muxData<1>13_G (N124)
     MUXF7:I1->O           7   0.175   1.340  Dispx/Mmux_muxData<1>13 (Dispx/muxData<1>)
     LUT5:I0->O            1   0.254   0.000  Dispx/Mram_muxData[3]_PWR_13_o_wide_mux_4_OUT51 (Dispx/Mram_muxData[3]_PWR_13_o_wide_mux_4_OUT5)
     FDC:D                     0.074          Dispx/SEG_5
    ----------------------------------------
    Total                      6.312ns (2.085ns logic, 4.227ns route)
                                       (33.0% logic, 67.0% route)

=========================================================================
Timing constraint: Default OFFSET OUT AFTER for Clock 'Dispx/DCLK'
  Total number of paths / destination ports: 15 / 15
-------------------------------------------------------------------------
Offset:              4.118ns (Levels of Logic = 1)
  Source:            Dispx/AN_7 (FF)
  Destination:       AN<7> (PAD)
  Source Clock:      Dispx/DCLK rising

  Data Path: Dispx/AN_7 to AN<7>
                                Gate     Net
    Cell:in->out      fanout   Delay   Delay  Logical Name (Net Name)
    ----------------------------------------  ------------
     FDP:C->Q              1   0.525   0.681  Dispx/AN_7 (Dispx/AN_7)
     OBUF:I->O                 2.912          AN_7_OBUF (AN<7>)
    ----------------------------------------
    Total                      4.118ns (3.437ns logic, 0.681ns route)
                                       (83.5% logic, 16.5% route)

=========================================================================
Timing constraint: Default OFFSET OUT AFTER for Clock 'CLK'
  Total number of paths / destination ports: 5 / 5
-------------------------------------------------------------------------
Offset:              4.412ns (Levels of Logic = 1)
  Source:            SPI/C1/sck_buffer (FF)
  Destination:       SCLK (PAD)
  Source Clock:      CLK rising

  Data Path: SPI/C1/sck_buffer to SCLK
                                Gate     Net
    Cell:in->out      fanout   Delay   Delay  Logical Name (Net Name)
    ----------------------------------------  ------------
     FDS:C->Q              9   0.525   0.975  SPI/C1/sck_buffer (SPI/C1/sck_buffer)
     OBUF:I->O                 2.912          SCLK_OBUF (SCLK)
    ----------------------------------------
    Total                      4.412ns (3.437ns logic, 0.975ns route)
                                       (77.9% logic, 22.1% route)

=========================================================================

Cross Clock Domains Report:
--------------------------

Clock to Setup on destination clock CLK
---------------+---------+---------+---------+---------+
               | Src:Rise| Src:Fall| Src:Rise| Src:Fall|
Source Clock   |Dest:Rise|Dest:Rise|Dest:Fall|Dest:Fall|
---------------+---------+---------+---------+---------+
CLK            |    5.418|         |         |         |
---------------+---------+---------+---------+---------+

Clock to Setup on destination clock Dispx/DCLK
---------------+---------+---------+---------+---------+
               | Src:Rise| Src:Fall| Src:Rise| Src:Fall|
Source Clock   |Dest:Rise|Dest:Rise|Dest:Fall|Dest:Fall|
---------------+---------+---------+---------+---------+
CLK            |    3.580|         |         |         |
Dispx/DCLK     |    4.275|         |         |         |
---------------+---------+---------+---------+---------+

=========================================================================


Total REAL time to Xst completion: 6.00 secs
Total CPU time to Xst completion: 6.33 secs
 
--> 

Total memory usage is 4504580 kilobytes

Number of errors   :    0 (   0 filtered)
Number of warnings :   33 (   0 filtered)
Number of infos    :   14 (   0 filtered)

