--------------------------------------------------------------------------------
Release 14.7 Trace  (nt64)
Copyright (c) 1995-2013 Xilinx, Inc.  All rights reserved.

C:\Xilinx\14.7\ISE_DS\ISE\bin\nt64\unwrapped\trce.exe -intstyle ise -v 3 -s 2
-n 3 -fastpaths -xml TOP.twx TOP.ncd -o TOP.twr TOP.pcf -ucf Pines.ucf

Design file:              TOP.ncd
Physical constraint file: TOP.pcf
Device,package,speed:     xc6slx9,csg225,C,-2 (PRODUCTION 1.23 2013-10-13)
Report level:             verbose report

Environment Variable      Effect 
--------------------      ------ 
NONE                      No environment variables were set
--------------------------------------------------------------------------------

INFO:Timing:2698 - No timing constraints found, doing default enumeration.
INFO:Timing:3412 - To improve timing, see the Timing Closure User Guide (UG612).
INFO:Timing:2752 - To get complete path coverage, use the unconstrained paths 
   option. All paths that are not constrained will be reported in the 
   unconstrained paths section(s) of the report.
INFO:Timing:3339 - The clock-to-out numbers in this timing report are based on 
   a 50 Ohm transmission line loading model.  For the details of this model, 
   and for more information on accounting for different loading conditions, 
   please see the device datasheet.



Data Sheet report:
-----------------
All values displayed in nanoseconds (ns)

Setup/Hold to clock CLK
------------+------------+------------+------------+------------+------------------+--------+
            |Max Setup to|  Process   |Max Hold to |  Process   |                  | Clock  |
Source      | clk (edge) |   Corner   | clk (edge) |   Corner   |Internal Clock(s) | Phase  |
------------+------------+------------+------------+------------+------------------+--------+
RST         |    6.210(R)|      SLOW  |   -0.515(R)|      FAST  |CLK_BUFGP         |   0.000|
SDI         |    3.444(R)|      SLOW  |   -1.523(R)|      FAST  |CLK_BUFGP         |   0.000|
SW<0>       |    5.634(R)|      SLOW  |   -1.870(R)|      FAST  |CLK_BUFGP         |   0.000|
SW<1>       |    5.373(R)|      SLOW  |   -1.742(R)|      FAST  |CLK_BUFGP         |   0.000|
------------+------------+------------+------------+------------+------------------+--------+

Clock CLK to Pad
------------+-----------------+------------+-----------------+------------+------------------+--------+
            |Max (slowest) clk|  Process   |Min (fastest) clk|  Process   |                  | Clock  |
Destination |  (edge) to PAD  |   Corner   |  (edge) to PAD  |   Corner   |Internal Clock(s) | Phase  |
------------+-----------------+------------+-----------------+------------+------------------+--------+
LED<0>      |         7.868(R)|      SLOW  |         2.861(R)|      FAST  |CLK_BUFGP         |   0.000|
LED<1>      |         8.058(R)|      SLOW  |         3.051(R)|      FAST  |CLK_BUFGP         |   0.000|
SCLK        |         9.743(R)|      SLOW  |         4.143(R)|      FAST  |CLK_BUFGP         |   0.000|
SDO         |         9.763(R)|      SLOW  |         4.111(R)|      FAST  |CLK_BUFGP         |   0.000|
SERVO1      |        14.755(R)|      SLOW  |         4.751(R)|      FAST  |CLK_BUFGP         |   0.000|
SERVO2      |        12.440(R)|      SLOW  |         4.125(R)|      FAST  |CLK_BUFGP         |   0.000|
SERVO3      |        14.181(R)|      SLOW  |         4.684(R)|      FAST  |CLK_BUFGP         |   0.000|
SERVO4      |        12.893(R)|      SLOW  |         4.441(R)|      FAST  |CLK_BUFGP         |   0.000|
SS          |         9.087(R)|      SLOW  |         3.675(R)|      FAST  |CLK_BUFGP         |   0.000|
------------+-----------------+------------+-----------------+------------+------------------+--------+

Clock to Setup on destination clock CLK
---------------+---------+---------+---------+---------+
               | Src:Rise| Src:Fall| Src:Rise| Src:Fall|
Source Clock   |Dest:Rise|Dest:Rise|Dest:Fall|Dest:Fall|
---------------+---------+---------+---------+---------+
CLK            |    4.639|         |         |         |
---------------+---------+---------+---------+---------+


Analysis completed Tue Jun 13 21:34:31 2023 
--------------------------------------------------------------------------------

Trace Settings:
-------------------------
Trace Settings 

Peak Memory Usage: 4589 MB



